<?xml version="1.0" encoding="UTF-8"?>
<testsuite xmlns:xsi="http://www.w3.org/2001/XMLSchema-instance" xsi:noNamespaceSchemaLocation="https://maven.apache.org/surefire/maven-surefire-plugin/xsd/surefire-test-report-3.0.xsd" version="3.0" name="com.bookexchange.controller.BookControllerTest" time="6.995" tests="1" errors="1" skipped="0" failures="0">
  <properties>
[...]
</properties>
  <testcase name="getBooks_returnsAllBooks_whenAuthorized" classname="com.bookexchange.controller.BookControllerTest" time="0.838">
    <error message="javax/xml/bind/DatatypeConverter" type="java.lang.NoClassDefFoundError"><![CDATA[java.lang.NoClassDefFoundError: javax/xml/bind/DatatypeConverter
	at io.jsonwebtoken.impl.Base64Codec.encode(Base64Codec.java:21)
	at io.jsonwebtoken.impl.Base64UrlCodec.encode(Base64UrlCodec.java:22)
	at io.jsonwebtoken.impl.DefaultJwtBuilder.base64UrlEncode(DefaultJwtBuilder.java:349)
	at io.jsonwebtoken.impl.DefaultJwtBuilder.compact(DefaultJwtBuilder.java:295)
	at com.bookexchange.util.JwtTestUtil.generateToken(JwtTestUtil.java:20)
	at com.bookexchange.controller.BookControllerTest.setUp(BookControllerTest.java:39)
	at java.base/java.lang.reflect.Method.invoke(Method.java:580)
	at java.base/java.util.ArrayList.forEach(ArrayList.java:1597)
	at java.base/java.util.ArrayList.forEach(ArrayList.java:1597)
Caused by: java.lang.ClassNotFoundException: javax.xml.bind.DatatypeConverter
	at java.base/jdk.internal.loader.BuiltinClassLoader.loadClass(BuiltinClassLoader.java:641)
	at java.base/jdk.internal.loader.ClassLoaders$AppClassLoader.loadClass(ClassLoaders.java:188)
	at java.base/java.lang.ClassLoader.loadClass(ClassLoader.java:525)
	... 9 more
]]></error>
    <system-out><![CDATA[02:26:11.976 [main] INFO org.springframework.test.context.support.AnnotationConfigContextLoaderUtils -- Could not detect default configuration classes for test class [com.bookexchange.controller.BookControllerTest]: BookControllerTest does not declare any static, non-private, non-final, nested classes annotated with @Configuration.
02:26:12.136 [main] INFO org.springframework.boot.test.context.SpringBootTestContextBootstrapper -- Found @SpringBootConfiguration com.bookexchange.BookServiceApplication for test class com.bookexchange.controller.BookControllerTest

  .   ____          _            __ _ _
 /\\ / ___'_ __ _ _(_)_ __  __ _ \ \ \ \
( ( )\___ | '_ | '_| | '_ \/ _` | \ \ \ \
 \\/  ___)| |_)| | | | | || (_| |  ) ) ) )
  '  |____| .__|_| |_|_| |_\__, | / / / /
 =========|_|==============|___/=/_/_/_/

 :: Spring Boot ::                (v3.4.5)

2025-05-16T02:26:12.661+03:00  INFO 22069 --- [           main] c.b.controller.BookControllerTest        : Starting BookControllerTest using Java 22.0.2 with PID 22069 (started by artemsidnev in /Users/artemsidnev/Documents/book-exchange/backend/book-service)
2025-05-16T02:26:12.662+03:00  INFO 22069 --- [           main] c.b.controller.BookControllerTest        : No active profile set, falling back to 1 default profile: "default"
2025-05-16T02:26:13.561+03:00  INFO 22069 --- [           main] .s.d.r.c.RepositoryConfigurationDelegate : Bootstrapping Spring Data JPA repositories in DEFAULT mode.
2025-05-16T02:26:13.652+03:00  INFO 22069 --- [           main] .s.d.r.c.RepositoryConfigurationDelegate : Finished Spring Data repository scanning in 79 ms. Found 4 JPA repository interfaces.
2025-05-16T02:26:14.239+03:00  INFO 22069 --- [           main] o.hibernate.jpa.internal.util.LogHelper  : HHH000204: Processing PersistenceUnitInfo [name: default]
2025-05-16T02:26:14.317+03:00  INFO 22069 --- [           main] org.hibernate.Version                    : HHH000412: Hibernate ORM core version 6.6.13.Final
2025-05-16T02:26:14.358+03:00  INFO 22069 --- [           main] o.h.c.internal.RegionFactoryInitiator    : HHH000026: Second-level cache disabled
2025-05-16T02:26:14.741+03:00  INFO 22069 --- [           main] o.s.o.j.p.SpringPersistenceUnitInfo      : No LoadTimeWeaver setup: ignoring JPA class transformer
2025-05-16T02:26:14.776+03:00  INFO 22069 --- [           main] com.zaxxer.hikari.HikariDataSource       : HikariPool-1 - Starting...
2025-05-16T02:26:15.004+03:00  INFO 22069 --- [           main] com.zaxxer.hikari.pool.HikariPool        : HikariPool-1 - Added connection org.postgresql.jdbc.PgConnection@23df7fad
2025-05-16T02:26:15.005+03:00  INFO 22069 --- [           main] com.zaxxer.hikari.HikariDataSource       : HikariPool-1 - Start completed.
2025-05-16T02:26:15.042+03:00  WARN 22069 --- [           main] org.hibernate.orm.deprecation            : HHH90000025: PostgreSQLDialect does not need to be specified explicitly using 'hibernate.dialect' (remove the property setting and it will be selected by default)
2025-05-16T02:26:15.063+03:00  INFO 22069 --- [           main] org.hibernate.orm.connections.pooling    : HHH10001005: Database info:
	Database JDBC URL [Connecting through datasource 'HikariDataSource (HikariPool-1)']
	Database driver: undefined/unknown
	Database version: 15.13
	Autocommit mode: undefined/unknown
	Isolation level: undefined/unknown
	Minimum pool size: undefined/unknown
	Maximum pool size: undefined/unknown
2025-05-16T02:26:16.129+03:00  INFO 22069 --- [           main] o.h.e.t.j.p.i.JtaPlatformInitiator       : HHH000489: No JTA platform available (set 'hibernate.transaction.jta.platform' to enable JTA platform integration)
2025-05-16T02:26:16.132+03:00  INFO 22069 --- [           main] j.LocalContainerEntityManagerFactoryBean : Initialized JPA EntityManagerFactory for persistence unit 'default'
2025-05-16T02:26:16.731+03:00  WARN 22069 --- [           main] JpaBaseConfiguration$JpaWebConfiguration : spring.jpa.open-in-view is enabled by default. Therefore, database queries may be performed during view rendering. Explicitly configure spring.jpa.open-in-view to disable this warning
2025-05-16T02:26:16.766+03:00  WARN 22069 --- [           main] .s.s.UserDetailsServiceAutoConfiguration : 

Using generated security password: 5ec2cdae-221b-4cc4-8066-f607eac89b94

This generated password is for development use only. Your security configuration must be updated before running your application in production.

2025-05-16T02:26:16.783+03:00  INFO 22069 --- [           main] r$InitializeUserDetailsManagerConfigurer : Global AuthenticationManager configured with UserDetailsService bean with name inMemoryUserDetailsManager
2025-05-16T02:26:17.350+03:00  INFO 22069 --- [           main] o.s.v.b.OptionalValidatorFactoryBean     : Failed to set up a Bean Validation provider: jakarta.validation.NoProviderFoundException: Unable to create a Configuration, because no Jakarta Bean Validation provider could be found. Add a provider like Hibernate Validator (RI) to your classpath.
2025-05-16T02:26:17.654+03:00  INFO 22069 --- [           main] o.s.b.t.m.w.SpringBootMockServletContext : Initializing Spring TestDispatcherServlet ''
2025-05-16T02:26:17.654+03:00  INFO 22069 --- [           main] o.s.t.web.servlet.TestDispatcherServlet  : Initializing Servlet ''
2025-05-16T02:26:17.655+03:00  INFO 22069 --- [           main] o.s.t.web.servlet.TestDispatcherServlet  : Completed initialization in 1 ms
2025-05-16T02:26:17.687+03:00  INFO 22069 --- [           main] c.b.controller.BookControllerTest        : Started BookControllerTest in 5.38 seconds (process running for 7.099)
Hibernate: select b1_0.id,b1_0.author,b1_0.genre,b1_0.owner_id,b1_0.title from book b1_0
Hibernate: delete from book where id=?
Hibernate: delete from book where id=?
Hibernate: insert into book (author,genre,owner_id,title) values (?,?,?,?)
Hibernate: insert into book (author,genre,owner_id,title) values (?,?,?,?)
]]></system-out>
    <system-err><![CDATA[Mockito is currently self-attaching to enable the inline-mock-maker. This will no longer work in future releases of the JDK. Please add Mockito as an agent to your build what is described in Mockito's documentation: https://javadoc.io/doc/org.mockito/mockito-core/latest/org/mockito/Mockito.html#0.3
WARNING: A Java agent has been loaded dynamically (/Users/artemsidnev/.m2/repository/net/bytebuddy/byte-buddy-agent/1.15.4/byte-buddy-agent-1.15.4.jar)
WARNING: If a serviceability tool is in use, please run with -XX:+EnableDynamicAgentLoading to hide this warning
WARNING: If a serviceability tool is not in use, please run with -Djdk.instrument.traceUsage for more information
WARNING: Dynamic loading of agents will be disallowed by default in a future release
]]></system-err>
  </testcase>
</testsuite>